2009-06-24 09:17:55 Debug: Notice (1024): Please change the value of 'Security.salt' in app/config/core.php to a salt value specific to your application in [CORE\cake\libs\debugger.php, line 557]
2009-06-24 09:22:45 Debug: Notice (1024): Please change the value of 'Security.salt' in app/config/core.php to a salt value specific to your application in [CORE\cake\libs\debugger.php, line 557]
2009-06-24 09:51:09 Debug: Notice (8): Undefined variable: result in [APP\views\helpers\tree.php, line 148]
2009-06-24 09:51:09 Debug: Notice (8): Undefined variable: result in [APP\views\helpers\tree.php, line 148]
2009-06-24 09:51:42 Debug: Notice (8): Undefined variable: result in [APP\views\helpers\tree.php, line 148]
2009-06-24 09:51:42 Debug: Notice (8): Undefined variable: result in [APP\views\helpers\tree.php, line 148]
2009-06-24 09:52:39 Debug: Notice (8): Undefined variable: result in [APP\views\helpers\tree.php, line 148]
2009-06-24 09:53:57 Debug: Notice (8): Undefined variable: result in [APP\views\helpers\tree.php, line 148]
2009-07-24 20:41:20 Notice: Notice (8): Undefined index:  id in [CORE/cake/libs/view/scaffolds/index.ctp, line 65]
2009-07-24 20:41:20 Notice: Notice (8): Undefined index:  id in [CORE/cake/libs/view/scaffolds/index.ctp, line 66]
2009-07-24 20:41:20 Notice: Notice (8): Undefined index:  id in [CORE/cake/libs/view/scaffolds/index.ctp, line 67]
2009-07-24 20:41:52 Notice: Notice (8): Undefined index:  NdCategory.category_id in [CORE/cake/libs/view/scaffolds/index.ctp, line 65]
2009-07-24 20:41:52 Notice: Notice (8): Undefined index:  NdCategory.category_id in [CORE/cake/libs/view/scaffolds/index.ctp, line 66]
2009-07-24 20:41:52 Notice: Notice (8): Undefined index:  NdCategory.category_id in [CORE/cake/libs/view/scaffolds/index.ctp, line 67]
2009-07-27 22:14:14 Notice: Notice (8): Undefined index:  NdGenre.genre_name in [CORE/cake/libs/view/scaffolds/index.ctp, line 54]
2009-07-31 12:33:41 Notice: Notice (8): Undefined index:  corpon_name in [CORE/cake/libs/view/scaffolds/index.ctp, line 54]
2009-08-05 16:48:51 Notice: Notice (8): Undefined index:  payment_title in [CORE/cake/libs/view/scaffolds/index.ctp, line 54]
2009-08-05 16:49:18 Notice: Notice (8): Undefined index:  NdPayment.payment_title in [CORE/cake/libs/view/scaffolds/index.ctp, line 54]
2009-09-17 09:08:53 Notice: Notice (8): Uninitialized string offset:  0 in [CORE/cake/libs/view/helpers/html.php, line 437]
2009-10-15 09:27:57 Notice: Notice (8): Undefined index:  id in [CORE/cake/libs/view/scaffolds/index.ctp, line 65]
2009-10-15 09:27:57 Notice: Notice (8): Undefined index:  id in [CORE/cake/libs/view/scaffolds/index.ctp, line 66]
2009-10-15 09:27:57 Notice: Notice (8): Undefined index:  id in [CORE/cake/libs/view/scaffolds/index.ctp, line 67]
2009-10-15 09:34:00 Notice: Notice (8): Undefined variable: html in [APP/views/elements/admin/menu_item.ctp, line 9]
2009-10-15 09:34:12 Notice: Notice (8): Undefined variable: html in [APP/views/elements/admin/menu_item.ctp, line 9]
2009-10-15 09:34:27 Notice: Notice (8): Undefined variable: html in [APP/views/elements/admin/menu_item.ctp, line 9]
2009-10-15 09:36:35 Notice: Notice (8): Undefined variable: html in [APP/views/elements/admin/menu_item.ctp, line 9]
2009-10-15 09:37:05 Notice: Notice (8): Undefined variable: html in [APP/views/elements/admin/menu_item.ctp, line 9]
2009-10-15 09:37:38 Notice: Notice (8): Undefined variable: html in [APP/views/elements/admin/menu_item.ctp, line 9]
2009-10-15 09:38:37 Notice: Notice (8): Undefined variable: html in [APP/views/elements/admin/menu_item.ctp, line 9]
2009-10-15 09:39:05 Notice: Notice (8): Undefined variable: html in [APP/views/elements/admin/menu_item.ctp, line 9]
2009-10-15 09:40:25 Notice: Notice (8): Undefined variable: html in [APP/views/elements/admin/menu_item.ctp, line 9]
2009-10-15 09:43:02 Notice: Notice (8): Undefined index:  name in [APP/views/nd_stats/index.ctp, line 32]
2009-10-15 09:43:54 Notice: Notice (8): Undefined index:  name in [APP/views/nd_stats/index.ctp, line 32]
2009-10-15 09:45:04 Notice: Notice (8): Undefined index:  realname in [APP/views/nd_stats/index.ctp, line 32]
2009-11-02 16:46:42 Notice: Notice (8): Undefined variable: media in [APP/views/nd_stats/index.ctp, line 7]
2009-11-02 16:46:42 Notice: Notice (8): Undefined variable: adLocations in [APP/views/nd_stats/index.ctp, line 10]
2009-11-02 16:46:49 Notice: Notice (8): Undefined variable: media in [APP/views/nd_stats/index.ctp, line 7]
2009-11-02 16:46:49 Notice: Notice (8): Undefined variable: adLocations in [APP/views/nd_stats/index.ctp, line 10]
2009-11-02 16:47:23 Notice: Notice (8): Undefined variable: media in [APP/views/nd_stats/index.ctp, line 7]
2009-11-02 16:47:23 Notice: Notice (8): Undefined variable: adLocations in [APP/views/nd_stats/index.ctp, line 10]
2009-11-02 16:47:44 Notice: Notice (8): Undefined variable: adLocations in [APP/views/nd_stats/index.ctp, line 10]
2009-11-02 16:49:23 Notice: Notice (8): Undefined variable: adLocations in [APP/views/nd_stats/index.ctp, line 10]
2009-11-16 16:22:45 Notice: Notice (8): Undefined variable: javascript in [APP/views/layouts/default.ctp, line 10]
2009-11-16 16:22:45 Notice: Notice (8): Undefined variable: javascript in [APP/views/layouts/default.ctp, line 10]
2009-11-16 16:22:45 Notice: Notice (8): Undefined variable: javascript in [APP/views/layouts/default.ctp, line 10]
2009-11-16 16:22:46 Notice: Notice (8): Undefined variable: javascript in [APP/views/layouts/default.ctp, line 10]
2009-11-16 16:23:47 Notice: Notice (8): Undefined variable: javascript in [APP/views/layouts/default.ctp, line 10]
2009-11-16 16:23:47 Notice: Notice (8): Undefined variable: javascript in [APP/views/layouts/default.ctp, line 10]
2009-11-16 16:23:47 Notice: Notice (8): Undefined variable: javascript in [APP/views/layouts/default.ctp, line 10]
2009-11-16 16:29:22 Notice: Notice (8): Undefined property:  AppModel::$MaestroGroup in [APP/controllers/maestros_controller.php, line 31]
2009-11-16 16:41:17 Notice: Notice (8): Undefined property:  AppModel::$MaestroGroup in [APP/controllers/maestros_controller.php, line 31]
2009-11-16 16:41:36 Notice: Notice (8): Undefined property:  AppModel::$MaestroGroup in [APP/controllers/maestros_controller.php, line 31]
2009-11-16 21:03:50 Notice: Notice (8): Undefined index:  create_year in [APP/controllers/invitations_controller.php, line 11]
2009-11-16 21:08:26 Notice: Notice (8): Undefined variable: passedArgs in [APP/views/invitations/index.ctp, line 1]
2009-11-16 21:10:52 Notice: Notice (8): Undefined index:  create_year in [APP/views/internships/index.ctp, line 2]
2009-11-16 21:11:07 Notice: Notice (8): Undefined index:  create_year in [APP/views/internships/index.ctp, line 2]
2009-11-16 21:11:34 Notice: Notice (8): Undefined index:  create_year in [APP/views/internships/index.ctp, line 2]
2009-11-16 21:11:43 Notice: Notice (8): Undefined index:  create_year in [APP/views/internships/index.ctp, line 2]
2009-11-16 21:12:00 Notice: Notice (8): Undefined index:  create_year in [APP/views/internships/index.ctp, line 2]
2009-11-16 21:16:32 Notice: Notice (8): Undefined index:  create_year in [APP/views/internships/index.ctp, line 2]
2009-11-16 21:17:14 Notice: Notice (8): Undefined index:  create_year in [APP/views/internships/index.ctp, line 2]
2009-11-16 21:17:20 Notice: Notice (8): Undefined index:  create_year in [APP/views/internships/index.ctp, line 2]
2009-11-16 21:20:00 Notice: Notice (8): Undefined index:  create_year in [APP/views/invitations/index.ctp, line 2]
2009-11-16 21:20:17 Notice: Notice (8): Undefined index:  Internship in [APP/views/invitations/index.ctp, line 2]
2009-11-16 21:20:20 Notice: Notice (8): Undefined index:  Internship in [APP/views/invitations/index.ctp, line 2]
2010-04-16 12:51:06 Notice: Notice (8): Undefined variable: paginator in [APP/views/sort_clips/index.ctp, line 18]
2010-04-16 12:54:33 Notice: Notice (8): Undefined variable: paginator in [APP/views/sort_clips/index.ctp, line 18]
2010-05-28 14:32:32 Notice: Notice (8): Uninitialized string offset:  0 in [CORE/cake/libs/view/helpers/html.php, line 441]
2010-05-28 14:33:22 Notice: Notice (8): Uninitialized string offset:  0 in [CORE/cake/libs/view/helpers/html.php, line 441]
2012-11-06 00:05:19 Notice: Notice (8): Undefined index:  ApiCount in [APP/controllers/api_coupons_controller.php, line 21]
