2009-07-24 20:48:01 Warning: Warning (2): Cannot modify header information - headers already sent by (output started at /home/admin/public_html/cake/basics.php:312) in [CORE/cake/libs/controller/controller.php, line 640]
2009-07-24 20:51:30 Warning: Warning (2): Cannot modify header information - headers already sent by (output started at /home/admin/public_html/cake/basics.php:312) in [CORE/cake/libs/controller/controller.php, line 640]
2009-07-24 20:53:10 Warning: Warning (2): Cannot modify header information - headers already sent by (output started at /home/admin/public_html/cake/basics.php:312) in [CORE/cake/libs/controller/controller.php, line 640]
2009-07-25 14:36:43 Warning: Warning (512): <span style = "color:Red;text-align:left"><b>SQL Error:</b> 1109: ¾Ë¼ö ¾ø´Â Å×ÀÌºí 'NdCategory' (µ¥ÀÌÅ¸º£ÀÌ½º order clause)</span> in [CORE/cake/libs/model/datasources/dbo_source.php, line 525]
2009-07-25 14:36:43 Warning: Warning (2): Invalid argument supplied for foreach() in [CORE/cake/libs/view/scaffolds/index.ctp, line 41]
2009-07-25 14:37:37 Warning: Warning (512): <span style = "color:Red;text-align:left"><b>SQL Error:</b> 1054: Unknown Ä®·³ 'NdForum.nd_fcategory_id' in 'on clause'</span> in [CORE/cake/libs/model/datasources/dbo_source.php, line 525]
2009-07-25 14:37:37 Warning: Warning (2): Invalid argument supplied for foreach() in [CORE/cake/libs/view/scaffolds/index.ctp, line 41]
2009-07-25 14:37:43 Warning: Warning (512): <span style = "color:Red;text-align:left"><b>SQL Error:</b> 1054: Unknown Ä®·³ 'NdFcategory.nd_forum_id' in 'on clause'</span> in [CORE/cake/libs/model/datasources/dbo_source.php, line 525]
2009-07-25 14:37:43 Warning: Warning (2): Invalid argument supplied for foreach() in [CORE/cake/libs/view/scaffolds/index.ctp, line 41]
2009-07-25 14:38:09 Warning: Warning (512): <span style = "color:Red;text-align:left"><b>SQL Error:</b> 1054: Unknown Ä®·³ 'NdFcategory.nd_forum_id' in 'on clause'</span> in [CORE/cake/libs/model/datasources/dbo_source.php, line 525]
2009-07-25 14:38:09 Warning: Warning (2): Invalid argument supplied for foreach() in [CORE/cake/libs/view/scaffolds/index.ctp, line 41]
2009-07-27 09:45:49 Warning: Warning (512): <span style = "color:Red;text-align:left"><b>SQL Error:</b> 1109: ¾Ë¼ö ¾ø´Â Å×ÀÌºí 'Ndtopics' (µ¥ÀÌÅ¸º£ÀÌ½º order clause)</span> in [CORE/cake/libs/model/datasources/dbo_source.php, line 525]
2009-07-27 09:45:49 Warning: Warning (2): Invalid argument supplied for foreach() in [CORE/cake/libs/view/scaffolds/index.ctp, line 41]
2009-07-27 09:46:52 Warning: Warning (512): <span style = "color:Red;text-align:left"><b>SQL Error:</b> 1109: ¾Ë¼ö ¾ø´Â Å×ÀÌºí 'Ndtopic' (µ¥ÀÌÅ¸º£ÀÌ½º order clause)</span> in [CORE/cake/libs/model/datasources/dbo_source.php, line 525]
2009-07-27 09:46:52 Warning: Warning (2): Invalid argument supplied for foreach() in [CORE/cake/libs/view/scaffolds/index.ctp, line 41]
2009-07-27 09:55:34 Warning: Warning (512): <span style = "color:Red;text-align:left"><b>SQL Error:</b> 1054: Unknown Ä®·³ 'NdTopic.nd_forum_id' in 'on clause'</span> in [CORE/cake/libs/model/datasources/dbo_source.php, line 525]
2009-07-27 09:55:34 Warning: Warning (2): Invalid argument supplied for foreach() in [CORE/cake/libs/view/scaffolds/index.ctp, line 41]
2009-07-27 09:58:37 Warning: Warning (512): <span style = "color:Red;text-align:left"><b>SQL Error:</b> 1054: Unknown Ä®·³ 'NdPost.nd_topic_id' in 'field list'</span> in [CORE/cake/libs/model/datasources/dbo_source.php, line 525]
2009-07-27 09:58:37 Warning: Warning (2): Invalid argument supplied for foreach() in [CORE/cake/libs/model/datasources/dbo_source.php, line 915]
2009-07-27 22:21:15 Warning: Warning (512): <span style = "color:Red;text-align:left"><b>SQL Error:</b> 1054: Unknown Ä®·³ 'NdClipAddition.nd_clip_id' in 'on clause'</span> in [CORE/cake/libs/model/datasources/dbo_source.php, line 525]
2009-07-28 09:28:55 Warning: Warning (512): <span style = "color:Red;text-align:left"><b>SQL Error:</b> 1054: Unknown Ä®·³ 'NdMgenre.mgenre_id' in 'on clause'</span> in [CORE/cake/libs/model/datasources/dbo_source.php, line 525]
2009-07-28 09:28:55 Warning: Warning (2): Invalid argument supplied for foreach() in [CORE/cake/libs/view/scaffolds/index.ctp, line 41]
2009-07-28 09:30:16 Warning: Warning (512): <span style = "color:Red;text-align:left"><b>SQL Error:</b> 1054: Unknown Ä®·³ 'NdMgenre.mgenre_id' in 'on clause'</span> in [CORE/cake/libs/model/datasources/dbo_source.php, line 525]
2009-07-28 09:30:16 Warning: Warning (2): Invalid argument supplied for foreach() in [CORE/cake/libs/view/scaffolds/index.ctp, line 41]
2009-07-28 09:31:56 Warning: Warning (512): <span style = "color:Red;text-align:left"><b>SQL Error:</b> 1054: Unknown Ä®·³ 'NdMgenre.mgenre_id' in 'on clause'</span> in [CORE/cake/libs/model/datasources/dbo_source.php, line 525]
2009-07-28 09:31:56 Warning: Warning (2): Invalid argument supplied for foreach() in [CORE/cake/libs/view/scaffolds/index.ctp, line 41]
2009-07-28 21:54:22 Warning: Warning (512): <span style = "color:Red;text-align:left"><b>SQL Error:</b> 1054: Unknown Ä®·³ 'NdRanking.nd_rank_id' in 'on clause'</span> in [CORE/cake/libs/model/datasources/dbo_source.php, line 525]
2009-07-28 21:54:22 Warning: Warning (2): Invalid argument supplied for foreach() in [CORE/cake/libs/view/scaffolds/index.ctp, line 41]
2009-07-28 21:55:48 Warning: Warning (512): <span style = "color:Red;text-align:left"><b>SQL Error:</b> 1054: Unknown Ä®·³ 'NdRanking.nd_clip_id' in 'on clause'</span> in [CORE/cake/libs/model/datasources/dbo_source.php, line 525]
2009-07-28 21:55:48 Warning: Warning (2): Invalid argument supplied for foreach() in [CORE/cake/libs/view/scaffolds/index.ctp, line 41]
2009-07-31 12:32:44 Warning: Warning (512): <span style = "color:Red;text-align:left"><b>SQL Error:</b> 1054: Unknown Ä®·³ 'Coupon.corpon_id' in 'on clause'</span> in [CORE/cake/libs/model/datasources/dbo_source.php, line 525]
2009-07-31 12:32:44 Warning: Warning (2): Invalid argument supplied for foreach() in [CORE/cake/libs/view/scaffolds/index.ctp, line 41]
2009-07-31 12:33:06 Warning: Warning (512): <span style = "color:Red;text-align:left"><b>SQL Error:</b> 1054: Unknown Ä®·³ 'Coupon.corpon_id' in 'on clause'</span> in [CORE/cake/libs/model/datasources/dbo_source.php, line 525]
2009-07-31 12:33:06 Warning: Warning (2): Invalid argument supplied for foreach() in [CORE/cake/libs/view/scaffolds/index.ctp, line 41]
2009-08-05 16:47:26 Warning: Warning (512): <span style = "color:Red;text-align:left"><b>SQL Error:</b> 1054: Unknown Ä®·³ 'NdNcashLog.nd_user_id' in 'on clause'</span> in [CORE/cake/libs/model/datasources/dbo_source.php, line 525]
2009-08-05 16:47:26 Warning: Warning (2): Invalid argument supplied for foreach() in [CORE/cake/libs/view/scaffolds/index.ctp, line 41]
2009-08-13 16:29:33 Warning: Warning (2): unlink(/home/admin/public_html/app/tmp/cache/persistent/cake_core_default_ko_kr) [<a href='http://php.net/function.unlink'>function.unlink</a>]: No such file or directory in [CORE/cake/libs/file.php, line 292]
2009-08-18 16:44:53 Warning: Warning (512): <span style = "color:Red;text-align:left"><b>SQL Error:</b> 1016: È­ÀÏÀ» ¿­Áö ¸øÇß½À´Ï´Ù.: 'nd_category.ibd' (¿¡·¯¹øÈ£: 1)</span> in [CORE/cake/libs/model/datasources/dbo_source.php, line 524]
2009-08-18 16:44:53 Warning: Warning (2): Invalid argument supplied for foreach() in [CORE/cake/libs/model/datasources/dbo/dbo_mysql.php, line 451]
2009-08-18 16:44:53 Warning: Warning (2): Cannot modify header information - headers already sent by (output started at /home/admin/public_html/cake/basics.php:111) in [CORE/cake/libs/controller/controller.php, line 644]
2009-08-18 16:44:58 Warning: Warning (512): <span style = "color:Red;text-align:left"><b>SQL Error:</b> 1016: È­ÀÏÀ» ¿­Áö ¸øÇß½À´Ï´Ù.: 'nd_category.ibd' (¿¡·¯¹øÈ£: 1)</span> in [CORE/cake/libs/model/datasources/dbo_source.php, line 524]
2009-08-18 16:44:58 Warning: Warning (2): Invalid argument supplied for foreach() in [CORE/cake/libs/model/datasources/dbo/dbo_mysql.php, line 451]
2009-08-18 16:44:58 Warning: Warning (2): Cannot modify header information - headers already sent by (output started at /home/admin/public_html/cake/basics.php:111) in [CORE/cake/libs/controller/controller.php, line 644]
2009-09-28 19:30:07 Warning: Warning (2): mysql_connect() [<a href='http://php.net/function.mysql-connect'>function.mysql-connect</a>]: Unknown MySQL server host 'www.nightdance.co.kr' (2) in [CORE/cake/libs/model/datasources/dbo/dbo_mysql.php, line 374]
2009-09-28 19:30:07 Warning: Warning (2): mysql_select_db(): supplied argument is not a valid MySQL-Link resource in [CORE/cake/libs/model/datasources/dbo/dbo_mysql.php, line 379]
2009-09-28 19:30:07 Warning: Warning (2): mysql_query(): supplied argument is not a valid MySQL-Link resource in [CORE/cake/libs/model/datasources/dbo/dbo_mysql.php, line 411]
2009-09-28 19:30:07 Warning: Warning (2): mysql_get_server_info(): supplied argument is not a valid MySQL-Link resource in [CORE/cake/libs/model/datasources/dbo/dbo_mysql.php, line 387]
2009-09-28 19:30:34 Warning: Warning (2): mysql_connect() [<a href='http://php.net/function.mysql-connect'>function.mysql-connect</a>]: Unknown MySQL server host 'www.nightdance.co.kr' (2) in [CORE/cake/libs/model/datasources/dbo/dbo_mysql.php, line 374]
2009-09-28 19:30:34 Warning: Warning (2): mysql_select_db(): supplied argument is not a valid MySQL-Link resource in [CORE/cake/libs/model/datasources/dbo/dbo_mysql.php, line 379]
2009-09-28 19:30:34 Warning: Warning (2): mysql_query(): supplied argument is not a valid MySQL-Link resource in [CORE/cake/libs/model/datasources/dbo/dbo_mysql.php, line 411]
2009-09-28 19:30:37 Warning: Warning (2): mysql_connect() [<a href='http://php.net/function.mysql-connect'>function.mysql-connect</a>]: Unknown MySQL server host 'www.nightdance.co.kr' (2) in [CORE/cake/libs/model/datasources/dbo/dbo_mysql.php, line 374]
2009-09-28 19:30:37 Warning: Warning (2): mysql_select_db(): supplied argument is not a valid MySQL-Link resource in [CORE/cake/libs/model/datasources/dbo/dbo_mysql.php, line 379]
2009-09-28 19:30:37 Warning: Warning (2): mysql_query(): supplied argument is not a valid MySQL-Link resource in [CORE/cake/libs/model/datasources/dbo/dbo_mysql.php, line 411]
2009-09-28 19:30:42 Warning: Warning (2): mysql_connect() [<a href='http://php.net/function.mysql-connect'>function.mysql-connect</a>]: Unknown MySQL server host 'www.nightdance.co.kr' (2) in [CORE/cake/libs/model/datasources/dbo/dbo_mysql.php, line 374]
2009-09-28 19:30:42 Warning: Warning (2): mysql_select_db(): supplied argument is not a valid MySQL-Link resource in [CORE/cake/libs/model/datasources/dbo/dbo_mysql.php, line 379]
2009-09-28 19:30:42 Warning: Warning (2): mysql_query(): supplied argument is not a valid MySQL-Link resource in [CORE/cake/libs/model/datasources/dbo/dbo_mysql.php, line 411]
2009-09-28 19:30:52 Warning: Warning (2): mysql_connect() [<a href='http://php.net/function.mysql-connect'>function.mysql-connect</a>]: Unknown MySQL server host 'www.nightdance.co.kr' (2) in [CORE/cake/libs/model/datasources/dbo/dbo_mysql.php, line 374]
2009-09-28 19:30:52 Warning: Warning (2): mysql_select_db(): supplied argument is not a valid MySQL-Link resource in [CORE/cake/libs/model/datasources/dbo/dbo_mysql.php, line 379]
2009-09-28 19:30:52 Warning: Warning (2): mysql_query(): supplied argument is not a valid MySQL-Link resource in [CORE/cake/libs/model/datasources/dbo/dbo_mysql.php, line 411]
2009-10-15 09:29:14 Warning: Warning (512): <span style = "color:Red;text-align:left"><b>SQL Error:</b> 1054: Unknown Ä®·³ 'NdStat.stat_id' in 'order clause'</span> in [CORE/cake/libs/model/datasources/dbo_source.php, line 524]
2009-10-15 09:29:14 Warning: Warning (2): Invalid argument supplied for foreach() in [CORE/cake/libs/view/scaffolds/index.ctp, line 41]
2009-10-15 09:43:28 Warning: Warning (512): <span style = "color:Red;text-align:left"><b>SQL Error:</b> 1054: Unknown Ä®·³ 'NdStat.nd_user_id' in 'on clause'</span> in [CORE/cake/libs/model/datasources/dbo_source.php, line 524]
2009-10-15 09:43:28 Warning: Warning (2): Invalid argument supplied for foreach() in [APP/views/nd_stats/index.ctp, line 21]
2009-11-02 17:02:36 Warning: Warning (512): <span style = "color:Red;text-align:left"><b>SQL Error:</b> 1054: Unknown Ä®·³ 'Array' in 'field list'</span> in [CORE/cake/libs/model/datasources/dbo_source.php, line 524]
2009-11-02 17:48:34 Warning: Warning (512): <span style = "color:Red;text-align:left"><b>SQL Error:</b> 1054: Unknown Ä®·³ 'Array' in 'field list'</span> in [CORE/cake/libs/model/datasources/dbo_source.php, line 524]
2009-11-02 17:49:31 Warning: Warning (512): <span style = "color:Red;text-align:left"><b>SQL Error:</b> 1054: Unknown Ä®·³ 'Array' in 'field list'</span> in [CORE/cake/libs/model/datasources/dbo_source.php, line 524]
2009-11-16 16:42:20 Warning: Warning (512): <span style = "color:Red;text-align:left"><b>SQL Error:</b> 1054: Unknown Ä®·³ 'Maestro.maestro_group_id' in 'on clause'</span> in [CORE/cake/libs/model/datasources/dbo_source.php, line 524]
2009-11-16 16:44:01 Warning: Warning (2): Invalid argument supplied for foreach() in [APP/views/helpers/mae.php, line 21]
2009-11-16 16:44:01 Warning: Warning (2): Invalid argument supplied for foreach() in [APP/views/helpers/mae.php, line 21]
2009-11-16 16:44:01 Warning: Warning (2): Invalid argument supplied for foreach() in [APP/views/helpers/mae.php, line 21]
2009-11-16 16:44:01 Warning: Warning (2): Invalid argument supplied for foreach() in [APP/views/helpers/mae.php, line 21]
2009-11-16 16:44:01 Warning: Warning (2): Invalid argument supplied for foreach() in [APP/views/helpers/mae.php, line 21]
2009-11-16 16:44:02 Warning: Warning (2): Invalid argument supplied for foreach() in [APP/views/helpers/mae.php, line 21]
2009-11-16 16:44:02 Warning: Warning (2): Invalid argument supplied for foreach() in [APP/views/helpers/mae.php, line 21]
2009-11-16 16:44:02 Warning: Warning (2): Invalid argument supplied for foreach() in [APP/views/helpers/mae.php, line 21]
2009-11-16 16:44:02 Warning: Warning (2): Invalid argument supplied for foreach() in [APP/views/helpers/mae.php, line 21]
2009-11-16 16:46:38 Warning: Warning (2): Invalid argument supplied for foreach() in [APP/views/helpers/mae.php, line 21]
2009-11-16 16:46:38 Warning: Warning (2): Invalid argument supplied for foreach() in [APP/views/helpers/mae.php, line 21]
2009-11-16 16:46:38 Warning: Warning (2): Invalid argument supplied for foreach() in [APP/views/helpers/mae.php, line 21]
2009-11-16 16:46:38 Warning: Warning (2): Invalid argument supplied for foreach() in [APP/views/helpers/mae.php, line 21]
2009-11-16 16:46:38 Warning: Warning (2): Invalid argument supplied for foreach() in [APP/views/helpers/mae.php, line 21]
2009-11-16 16:46:39 Warning: Warning (2): Invalid argument supplied for foreach() in [APP/views/helpers/mae.php, line 21]
2009-11-16 16:46:39 Warning: Warning (2): Invalid argument supplied for foreach() in [APP/views/helpers/mae.php, line 21]
2009-11-16 16:46:39 Warning: Warning (2): Invalid argument supplied for foreach() in [APP/views/helpers/mae.php, line 21]
2009-11-16 16:46:39 Warning: Warning (2): Invalid argument supplied for foreach() in [APP/views/helpers/mae.php, line 21]
2009-11-16 19:57:18 Warning: Warning (2): Invalid argument supplied for foreach() in [APP/views/helpers/mae.php, line 21]
2009-11-16 19:57:19 Warning: Warning (2): Invalid argument supplied for foreach() in [APP/views/helpers/mae.php, line 21]
2009-11-16 19:57:19 Warning: Warning (2): Invalid argument supplied for foreach() in [APP/views/helpers/mae.php, line 21]
2009-11-16 19:57:19 Warning: Warning (2): Invalid argument supplied for foreach() in [APP/views/helpers/mae.php, line 21]
2009-11-16 19:57:19 Warning: Warning (2): Invalid argument supplied for foreach() in [APP/views/helpers/mae.php, line 21]
2009-11-16 19:57:19 Warning: Warning (2): Invalid argument supplied for foreach() in [APP/views/helpers/mae.php, line 21]
2009-11-16 19:57:19 Warning: Warning (2): Invalid argument supplied for foreach() in [APP/views/helpers/mae.php, line 21]
2009-11-16 19:57:19 Warning: Warning (2): Invalid argument supplied for foreach() in [APP/views/helpers/mae.php, line 21]
2009-11-16 19:57:19 Warning: Warning (2): Invalid argument supplied for foreach() in [APP/views/helpers/mae.php, line 21]
2009-11-16 21:11:34 Warning: Warning (512): <span style = "color:Red;text-align:left"><b>SQL Error:</b> 1109: ¾Ë¼ö ¾ø´Â Å×ÀÌºí 'Invitation' (µ¥ÀÌÅ¸º£ÀÌ½º where clause)</span> in [CORE/cake/libs/model/datasources/dbo_source.php, line 524]
2009-11-16 21:11:34 Warning: Warning (2): Invalid argument supplied for foreach() in [APP/views/internships/index.ctp, line 38]
2010-02-24 14:19:37 Warning: Warning (512): <span style = "color:Red;text-align:left"><b>SQL Error:</b> 1054: Unknown Ä®·³ 'NdStat.username' in 'where clause'</span> in [CORE/cake/libs/model/datasources/dbo_source.php, line 524]
2010-02-24 14:19:37 Warning: Warning (2): Invalid argument supplied for foreach() in [APP/views/nd_stats/index.ctp, line 36]
2010-04-16 12:51:06 Warning: Warning (512): Controller::paginate() - can't find model SortClip in controller SortClipsController in [CORE/cake/libs/controller/controller.php, line 982]
2010-04-16 12:51:28 Warning: Warning (512): <span style = "color:Red;text-align:left"><b>SQL Error:</b> 1054: Unknown Ä®·³ 'SortClip' in 'where clause'</span> in [CORE/cake/libs/model/datasources/dbo_source.php, line 527]
2010-04-16 12:51:28 Warning: Warning (2): Invalid argument supplied for foreach() in [APP/views/sort_clips/index.ctp, line 33]
2010-04-16 12:51:43 Warning: Warning (512): <span style = "color:Red;text-align:left"><b>SQL Error:</b> 1054: Unknown Ä®·³ 'NdClip' in 'where clause'</span> in [CORE/cake/libs/model/datasources/dbo_source.php, line 527]
2010-04-16 12:51:43 Warning: Warning (2): Invalid argument supplied for foreach() in [APP/views/sort_clips/index.ctp, line 33]
2010-04-16 12:53:26 Warning: Warning (512): <span style = "color:Red;text-align:left"><b>SQL Error:</b> 1054: Unknown Ä®·³ 'NdClip' in 'where clause'</span> in [CORE/cake/libs/model/datasources/dbo_source.php, line 527]
2010-04-16 12:53:26 Warning: Warning (2): Invalid argument supplied for foreach() in [APP/views/sort_clips/index.ctp, line 33]
2010-04-16 12:53:37 Warning: Warning (512): <span style = "color:Red;text-align:left"><b>SQL Error:</b> 1054: Unknown Ä®·³ 'NdClip' in 'where clause'</span> in [CORE/cake/libs/model/datasources/dbo_source.php, line 527]
2010-04-16 12:53:37 Warning: Warning (2): Invalid argument supplied for foreach() in [APP/views/sort_clips/index.ctp, line 33]
2010-04-16 12:53:51 Warning: Warning (512): <span style = "color:Red;text-align:left"><b>SQL Error:</b> 1054: Unknown Ä®·³ 'NdClip' in 'where clause'</span> in [CORE/cake/libs/model/datasources/dbo_source.php, line 527]
2010-04-16 12:53:51 Warning: Warning (2): Invalid argument supplied for foreach() in [APP/views/sort_clips/index.ctp, line 33]
2010-04-16 12:54:04 Warning: Warning (512): <span style = "color:Red;text-align:left"><b>SQL Error:</b> 1054: Unknown Ä®·³ 'NdClip' in 'where clause'</span> in [CORE/cake/libs/model/datasources/dbo_source.php, line 527]
2010-04-16 12:54:04 Warning: Warning (2): Invalid argument supplied for foreach() in [APP/views/sort_clips/index.ctp, line 33]
2010-04-16 12:54:33 Warning: Warning (512): Controller::paginate() - can't find model SortClip in controller SortClipsController in [CORE/cake/libs/controller/controller.php, line 982]
2010-04-16 12:54:58 Warning: Warning (512): <span style = "color:Red;text-align:left"><b>SQL Error:</b> 1054: Unknown Ä®·³ 'NdClip' in 'where clause'</span> in [CORE/cake/libs/model/datasources/dbo_source.php, line 527]
2010-04-16 12:54:59 Warning: Warning (2): Invalid argument supplied for foreach() in [APP/views/sort_clips/index.ctp, line 33]
2010-04-16 12:56:46 Warning: Warning (512): <span style = "color:Red;text-align:left"><b>SQL Error:</b> 1054: Unknown Ä®·³ 'NdClip' in 'where clause'</span> in [CORE/cake/libs/model/datasources/dbo_source.php, line 527]
2010-04-16 12:56:46 Warning: Warning (2): Invalid argument supplied for foreach() in [APP/views/sort_clips/index.ctp, line 33]
2010-04-16 12:57:09 Warning: Warning (512): <span style = "color:Red;text-align:left"><b>SQL Error:</b> 1054: Unknown Ä®·³ 'NdClip' in 'where clause'</span> in [CORE/cake/libs/model/datasources/dbo_source.php, line 527]
2010-04-16 12:57:09 Warning: Warning (2): Invalid argument supplied for foreach() in [APP/views/sort_clips/index.ctp, line 33]
2010-04-16 12:59:24 Warning: Warning (512): <span style = "color:Red;text-align:left"><b>SQL Error:</b> 1054: Unknown Ä®·³ 'NdClip' in 'where clause'</span> in [CORE/cake/libs/model/datasources/dbo_source.php, line 527]
2010-04-16 12:59:24 Warning: Warning (2): Invalid argument supplied for foreach() in [APP/views/sort_clips/index.ctp, line 33]
2010-04-16 13:01:05 Warning: Warning (512): <span style = "color:Red;text-align:left"><b>SQL Error:</b> 1054: Unknown Ä®·³ 'NdClip' in 'where clause'</span> in [CORE/cake/libs/model/datasources/dbo_source.php, line 527]
2010-04-16 13:01:06 Warning: Warning (2): Invalid argument supplied for foreach() in [APP/views/sort_clips/index.ctp, line 33]
2010-04-16 13:01:22 Warning: Warning (512): <span style = "color:Red;text-align:left"><b>SQL Error:</b> 1054: Unknown Ä®·³ 'NdClip' in 'where clause'</span> in [CORE/cake/libs/model/datasources/dbo_source.php, line 527]
2010-04-16 13:01:22 Warning: Warning (2): Invalid argument supplied for foreach() in [APP/views/sort_clips/index.ctp, line 33]
2010-04-16 13:01:42 Warning: Warning (512): <span style = "color:Red;text-align:left"><b>SQL Error:</b> 1054: Unknown Ä®·³ 'NdClip' in 'where clause'</span> in [CORE/cake/libs/model/datasources/dbo_source.php, line 527]
2010-04-16 13:01:42 Warning: Warning (2): Invalid argument supplied for foreach() in [APP/views/sort_clips/index.ctp, line 33]
2010-04-16 13:02:31 Warning: Warning (512): <span style = "color:Red;text-align:left"><b>SQL Error:</b> 1052: Ä®·³: 'category_id' in 'where clause' ÀÌ ¸ðÈ£ÇÔ</span> in [CORE/cake/libs/model/datasources/dbo_source.php, line 527]
2010-04-16 13:02:31 Warning: Warning (2): Invalid argument supplied for foreach() in [APP/views/sort_clips/index.ctp, line 33]
